<?xml version="1.0" encoding="UTF-8"?>
<coverage generated="1575525355207" clover="3.2.0">
  <project timestamp="1575525355207" name="All files">
    <metrics statements="52" coveredstatements="26" conditionals="14" coveredconditionals="4" methods="16" coveredmethods="10" elements="82" coveredelements="40" complexity="0" loc="52" ncloc="52" packages="1" files="2" classes="2"/>
    <file name="App.jsx" path="/Users/young/order_form_proxy/client/src/components/App.jsx">
      <metrics statements="16" coveredstatements="14" conditionals="4" coveredconditionals="3" methods="8" coveredmethods="7"/>
      <line num="8" count="5" type="stmt"/>
      <line num="9" count="5" type="stmt"/>
      <line num="14" count="5" type="stmt"/>
      <line num="15" count="5" type="stmt"/>
      <line num="16" count="5" type="stmt"/>
      <line num="20" count="5" type="stmt"/>
      <line num="24" count="1" type="stmt"/>
      <line num="25" count="1" type="stmt"/>
      <line num="26" count="1" type="stmt"/>
      <line num="33" count="7" type="stmt"/>
      <line num="35" count="7" type="cond" truecount="1" falsecount="1"/>
      <line num="36" count="7" type="stmt"/>
      <line num="45" count="5" type="stmt"/>
      <line num="49" count="0" type="stmt"/>
      <line num="50" count="0" type="stmt"/>
      <line num="58" count="7" type="stmt"/>
    </file>
    <file name="MarketOrder.jsx" path="/Users/young/order_form_proxy/client/src/components/MarketOrder.jsx">
      <metrics statements="36" coveredstatements="12" conditionals="10" coveredconditionals="1" methods="8" coveredmethods="3"/>
      <line num="5" count="2" type="stmt"/>
      <line num="6" count="2" type="stmt"/>
      <line num="14" count="2" type="stmt"/>
      <line num="15" count="2" type="stmt"/>
      <line num="16" count="2" type="stmt"/>
      <line num="17" count="2" type="stmt"/>
      <line num="18" count="2" type="stmt"/>
      <line num="19" count="2" type="stmt"/>
      <line num="23" count="0" type="stmt"/>
      <line num="24" count="0" type="stmt"/>
      <line num="30" count="0" type="stmt"/>
      <line num="31" count="0" type="stmt"/>
      <line num="32" count="0" type="stmt"/>
      <line num="42" count="0" type="stmt"/>
      <line num="43" count="0" type="stmt"/>
      <line num="49" count="0" type="stmt"/>
      <line num="50" count="0" type="stmt"/>
      <line num="51" count="0" type="stmt"/>
      <line num="52" count="0" type="stmt"/>
      <line num="53" count="0" type="stmt"/>
      <line num="60" count="0" type="stmt"/>
      <line num="61" count="0" type="stmt"/>
      <line num="62" count="0" type="cond" truecount="0" falsecount="2"/>
      <line num="63" count="0" type="stmt"/>
      <line num="67" count="0" type="cond" truecount="0" falsecount="2"/>
      <line num="68" count="0" type="stmt"/>
      <line num="75" count="2" type="stmt"/>
      <line num="77" count="2" type="cond" truecount="1" falsecount="1"/>
      <line num="78" count="2" type="stmt"/>
      <line num="85" count="0" type="cond" truecount="0" falsecount="2"/>
      <line num="86" count="0" type="stmt"/>
      <line num="96" count="0" type="cond" truecount="0" falsecount="2"/>
      <line num="97" count="0" type="stmt"/>
      <line num="98" count="0" type="stmt"/>
      <line num="99" count="0" type="stmt"/>
      <line num="114" count="2" type="stmt"/>
    </file>
  </project>
</coverage>
