{"/Users/young/order_form_proxy/client/src/components/App.jsx": {"path":"/Users/young/order_form_proxy/client/src/components/App.jsx","statementMap":{"0":{"start":{"line":8,"column":4},"end":{"line":8,"column":17}},"1":{"start":{"line":9,"column":4},"end":{"line":13,"column":5}},"2":{"start":{"line":14,"column":4},"end":{"line":14,"column":57}},"3":{"start":{"line":15,"column":4},"end":{"line":15,"column":51}},"4":{"start":{"line":16,"column":4},"end":{"line":16,"column":49}},"5":{"start":{"line":20,"column":4},"end":{"line":20,"column":26}},"6":{"start":{"line":24,"column":4},"end":{"line":24,"column":23}},"7":{"start":{"line":25,"column":4},"end":{"line":29,"column":6}},"8":{"start":{"line":26,"column":6},"end":{"line":28,"column":7}},"9":{"start":{"line":33,"column":26},"end":{"line":33,"column":36}},"10":{"start":{"line":35,"column":4},"end":{"line":41,"column":5}},"11":{"start":{"line":36,"column":6},"end":{"line":40,"column":8}},"12":{"start":{"line":45,"column":4},"end":{"line":54,"column":6}},"13":{"start":{"line":49,"column":26},"end":{"line":49,"column":65}},"14":{"start":{"line":50,"column":8},"end":{"line":52,"column":10}},"15":{"start":{"line":58,"column":4},"end":{"line":70,"column":6}}},"fnMap":{"0":{"name":"(anonymous_0)","decl":{"start":{"line":7,"column":2},"end":{"line":7,"column":3}},"loc":{"start":{"line":7,"column":21},"end":{"line":17,"column":3}},"line":7},"1":{"name":"(anonymous_1)","decl":{"start":{"line":19,"column":2},"end":{"line":19,"column":3}},"loc":{"start":{"line":19,"column":22},"end":{"line":21,"column":3}},"line":19},"2":{"name":"(anonymous_2)","decl":{"start":{"line":23,"column":2},"end":{"line":23,"column":3}},"loc":{"start":{"line":23,"column":17},"end":{"line":30,"column":3}},"line":23},"3":{"name":"(anonymous_3)","decl":{"start":{"line":25,"column":18},"end":{"line":25,"column":19}},"loc":{"start":{"line":25,"column":25},"end":{"line":29,"column":5}},"line":25},"4":{"name":"(anonymous_4)","decl":{"start":{"line":32,"column":2},"end":{"line":32,"column":3}},"loc":{"start":{"line":32,"column":15},"end":{"line":42,"column":3}},"line":32},"5":{"name":"(anonymous_5)","decl":{"start":{"line":44,"column":2},"end":{"line":44,"column":3}},"loc":{"start":{"line":44,"column":19},"end":{"line":55,"column":3}},"line":44},"6":{"name":"(anonymous_6)","decl":{"start":{"line":48,"column":15},"end":{"line":48,"column":16}},"loc":{"start":{"line":48,"column":25},"end":{"line":53,"column":7}},"line":48},"7":{"name":"(anonymous_7)","decl":{"start":{"line":57,"column":2},"end":{"line":57,"column":3}},"loc":{"start":{"line":57,"column":11},"end":{"line":71,"column":3}},"line":57}},"branchMap":{"0":{"loc":{"start":{"line":35,"column":4},"end":{"line":41,"column":5}},"type":"if","locations":[{"start":{"line":35,"column":4},"end":{"line":41,"column":5}},{"start":{"line":35,"column":4},"end":{"line":41,"column":5}}],"line":35},"1":{"loc":{"start":{"line":68,"column":69},"end":{"line":68,"column":142}},"type":"cond-expr","locations":[{"start":{"line":68,"column":98},"end":{"line":68,"column":116}},{"start":{"line":68,"column":119},"end":{"line":68,"column":142}}],"line":68}},"s":{"0":5,"1":5,"2":5,"3":5,"4":5,"5":5,"6":1,"7":1,"8":1,"9":8,"10":8,"11":7,"12":5,"13":0,"14":0,"15":8},"f":{"0":5,"1":5,"2":1,"3":1,"4":8,"5":5,"6":0,"7":8},"b":{"0":[7,1],"1":[7,1]},"_coverageSchema":"43e27e138ebf9cfc5966b082cf9a028302ed4184","hash":"8417dcfd9cfe5d7ea983d3d8ddfe4e09c9cfc01d"}
,"/Users/young/order_form_proxy/client/src/components/MarketOrder.jsx": {"path":"/Users/young/order_form_proxy/client/src/components/MarketOrder.jsx","statementMap":{"0":{"start":{"line":5,"column":4},"end":{"line":5,"column":17}},"1":{"start":{"line":6,"column":4},"end":{"line":13,"column":5}},"2":{"start":{"line":14,"column":4},"end":{"line":14,"column":53}},"3":{"start":{"line":15,"column":4},"end":{"line":15,"column":67}},"4":{"start":{"line":16,"column":4},"end":{"line":16,"column":63}},"5":{"start":{"line":17,"column":4},"end":{"line":17,"column":63}},"6":{"start":{"line":18,"column":4},"end":{"line":18,"column":47}},"7":{"start":{"line":19,"column":4},"end":{"line":19,"column":47}},"8":{"start":{"line":23,"column":4},"end":{"line":23,"column":23}},"9":{"start":{"line":24,"column":4},"end":{"line":26,"column":6}},"10":{"start":{"line":30,"column":4},"end":{"line":30,"column":23}},"11":{"start":{"line":31,"column":19},"end":{"line":31,"column":45}},"12":{"start":{"line":32,"column":4},"end":{"line":38,"column":60}},"13":{"start":{"line":42,"column":4},"end":{"line":42,"column":23}},"14":{"start":{"line":43,"column":4},"end":{"line":45,"column":68}},"15":{"start":{"line":49,"column":16},"end":{"line":49,"column":86}},"16":{"start":{"line":50,"column":21},"end":{"line":50,"column":34}},"17":{"start":{"line":51,"column":22},"end":{"line":51,"column":80}},"18":{"start":{"line":52,"column":20},"end":{"line":52,"column":44}},"19":{"start":{"line":53,"column":4},"end":{"line":56,"column":6}},"20":{"start":{"line":60,"column":16},"end":{"line":60,"column":47}},"21":{"start":{"line":61,"column":22},"end":{"line":61,"column":80}},"22":{"start":{"line":62,"column":4},"end":{"line":66,"column":5}},"23":{"start":{"line":63,"column":6},"end":{"line":65,"column":8}},"24":{"start":{"line":67,"column":4},"end":{"line":71,"column":5}},"25":{"start":{"line":68,"column":6},"end":{"line":70,"column":8}},"26":{"start":{"line":75,"column":28},"end":{"line":75,"column":38}},"27":{"start":{"line":77,"column":4},"end":{"line":83,"column":5}},"28":{"start":{"line":78,"column":6},"end":{"line":82,"column":8}},"29":{"start":{"line":85,"column":4},"end":{"line":94,"column":5}},"30":{"start":{"line":86,"column":6},"end":{"line":93,"column":8}},"31":{"start":{"line":96,"column":4},"end":{"line":110,"column":5}},"32":{"start":{"line":97,"column":24},"end":{"line":97,"column":82}},"33":{"start":{"line":98,"column":19},"end":{"line":98,"column":71}},"34":{"start":{"line":99,"column":6},"end":{"line":109,"column":8}},"35":{"start":{"line":114,"column":4},"end":{"line":126,"column":6}}},"fnMap":{"0":{"name":"(anonymous_0)","decl":{"start":{"line":4,"column":2},"end":{"line":4,"column":3}},"loc":{"start":{"line":4,"column":21},"end":{"line":20,"column":3}},"line":4},"1":{"name":"(anonymous_1)","decl":{"start":{"line":22,"column":2},"end":{"line":22,"column":3}},"loc":{"start":{"line":22,"column":15},"end":{"line":27,"column":3}},"line":22},"2":{"name":"(anonymous_2)","decl":{"start":{"line":29,"column":2},"end":{"line":29,"column":3}},"loc":{"start":{"line":29,"column":15},"end":{"line":39,"column":3}},"line":29},"3":{"name":"(anonymous_3)","decl":{"start":{"line":41,"column":2},"end":{"line":41,"column":3}},"loc":{"start":{"line":41,"column":18},"end":{"line":46,"column":3}},"line":41},"4":{"name":"(anonymous_4)","decl":{"start":{"line":48,"column":2},"end":{"line":48,"column":3}},"loc":{"start":{"line":48,"column":29},"end":{"line":57,"column":3}},"line":48},"5":{"name":"(anonymous_5)","decl":{"start":{"line":59,"column":2},"end":{"line":59,"column":3}},"loc":{"start":{"line":59,"column":22},"end":{"line":72,"column":3}},"line":59},"6":{"name":"(anonymous_6)","decl":{"start":{"line":74,"column":2},"end":{"line":74,"column":3}},"loc":{"start":{"line":74,"column":22},"end":{"line":111,"column":3}},"line":74},"7":{"name":"(anonymous_7)","decl":{"start":{"line":113,"column":2},"end":{"line":113,"column":3}},"loc":{"start":{"line":113,"column":11},"end":{"line":127,"column":3}},"line":113}},"branchMap":{"0":{"loc":{"start":{"line":62,"column":4},"end":{"line":66,"column":5}},"type":"if","locations":[{"start":{"line":62,"column":4},"end":{"line":66,"column":5}},{"start":{"line":62,"column":4},"end":{"line":66,"column":5}}],"line":62},"1":{"loc":{"start":{"line":67,"column":4},"end":{"line":71,"column":5}},"type":"if","locations":[{"start":{"line":67,"column":4},"end":{"line":71,"column":5}},{"start":{"line":67,"column":4},"end":{"line":71,"column":5}}],"line":67},"2":{"loc":{"start":{"line":77,"column":4},"end":{"line":83,"column":5}},"type":"if","locations":[{"start":{"line":77,"column":4},"end":{"line":83,"column":5}},{"start":{"line":77,"column":4},"end":{"line":83,"column":5}}],"line":77},"3":{"loc":{"start":{"line":85,"column":4},"end":{"line":94,"column":5}},"type":"if","locations":[{"start":{"line":85,"column":4},"end":{"line":94,"column":5}},{"start":{"line":85,"column":4},"end":{"line":94,"column":5}}],"line":85},"4":{"loc":{"start":{"line":96,"column":4},"end":{"line":110,"column":5}},"type":"if","locations":[{"start":{"line":96,"column":4},"end":{"line":110,"column":5}},{"start":{"line":96,"column":4},"end":{"line":110,"column":5}}],"line":96}},"s":{"0":3,"1":3,"2":3,"3":3,"4":3,"5":3,"6":3,"7":3,"8":0,"9":0,"10":0,"11":0,"12":0,"13":1,"14":1,"15":1,"16":1,"17":1,"18":1,"19":1,"20":0,"21":0,"22":0,"23":0,"24":0,"25":0,"26":5,"27":5,"28":4,"29":1,"30":0,"31":1,"32":1,"33":1,"34":1,"35":5},"f":{"0":3,"1":0,"2":0,"3":1,"4":1,"5":0,"6":5,"7":5},"b":{"0":[0,0],"1":[0,0],"2":[4,1],"3":[0,1],"4":[1,0]},"_coverageSchema":"43e27e138ebf9cfc5966b082cf9a028302ed4184","hash":"f809d2bbdbfd6df49fc42a2f816af2d603347331"}
}
