TN:
SF:/Users/young/order_form_proxy/client/src/components/App.jsx
FN:7,(anonymous_0)
FN:19,(anonymous_1)
FN:23,(anonymous_2)
FN:25,(anonymous_3)
FN:32,(anonymous_4)
FN:44,(anonymous_5)
FN:48,(anonymous_6)
FN:57,(anonymous_7)
FNF:8
FNH:7
FNDA:5,(anonymous_0)
FNDA:5,(anonymous_1)
FNDA:1,(anonymous_2)
FNDA:1,(anonymous_3)
FNDA:7,(anonymous_4)
FNDA:5,(anonymous_5)
FNDA:0,(anonymous_6)
FNDA:7,(anonymous_7)
DA:8,5
DA:9,5
DA:14,5
DA:15,5
DA:16,5
DA:20,5
DA:24,1
DA:25,1
DA:26,1
DA:33,7
DA:35,7
DA:36,7
DA:45,5
DA:49,0
DA:50,0
DA:58,7
LF:16
LH:14
BRDA:35,0,0,7
BRDA:35,0,1,0
BRDA:68,1,0,6
BRDA:68,1,1,1
BRF:4
BRH:3
end_of_record
TN:
SF:/Users/young/order_form_proxy/client/src/components/MarketOrder.jsx
FN:4,(anonymous_0)
FN:22,(anonymous_1)
FN:29,(anonymous_2)
FN:41,(anonymous_3)
FN:48,(anonymous_4)
FN:59,(anonymous_5)
FN:74,(anonymous_6)
FN:113,(anonymous_7)
FNF:8
FNH:3
FNDA:2,(anonymous_0)
FNDA:0,(anonymous_1)
FNDA:0,(anonymous_2)
FNDA:0,(anonymous_3)
FNDA:0,(anonymous_4)
FNDA:0,(anonymous_5)
FNDA:2,(anonymous_6)
FNDA:2,(anonymous_7)
DA:5,2
DA:6,2
DA:14,2
DA:15,2
DA:16,2
DA:17,2
DA:18,2
DA:19,2
DA:23,0
DA:24,0
DA:30,0
DA:31,0
DA:32,0
DA:42,0
DA:43,0
DA:49,0
DA:50,0
DA:51,0
DA:52,0
DA:53,0
DA:60,0
DA:61,0
DA:62,0
DA:63,0
DA:67,0
DA:68,0
DA:75,2
DA:77,2
DA:78,2
DA:85,0
DA:86,0
DA:96,0
DA:97,0
DA:98,0
DA:99,0
DA:114,2
LF:36
LH:12
BRDA:62,0,0,0
BRDA:62,0,1,0
BRDA:67,1,0,0
BRDA:67,1,1,0
BRDA:77,2,0,2
BRDA:77,2,1,0
BRDA:85,3,0,0
BRDA:85,3,1,0
BRDA:96,4,0,0
BRDA:96,4,1,0
BRF:10
BRH:1
end_of_record
