TN:
SF:/Users/young/order_form_proxy/client/src/index.jsx
FNF:0
FNH:0
DA:5,0
LF:1
LH:0
BRF:0
BRH:0
end_of_record
TN:
SF:/Users/young/order_form_proxy/client/src/components/App.jsx
FN:7,(anonymous_0)
FN:19,(anonymous_1)
FN:23,(anonymous_2)
FN:25,(anonymous_3)
FN:32,(anonymous_4)
FN:44,(anonymous_5)
FN:48,(anonymous_6)
FN:57,(anonymous_7)
FNF:8
FNH:7
FNDA:5,(anonymous_0)
FNDA:5,(anonymous_1)
FNDA:1,(anonymous_2)
FNDA:1,(anonymous_3)
FNDA:8,(anonymous_4)
FNDA:5,(anonymous_5)
FNDA:0,(anonymous_6)
FNDA:8,(anonymous_7)
DA:8,5
DA:9,5
DA:14,5
DA:15,5
DA:16,5
DA:20,5
DA:24,1
DA:25,1
DA:26,1
DA:33,8
DA:35,8
DA:36,7
DA:45,5
DA:49,0
DA:50,0
DA:58,8
LF:16
LH:14
BRDA:35,0,0,7
BRDA:35,0,1,1
BRDA:68,1,0,7
BRDA:68,1,1,1
BRF:4
BRH:4
end_of_record
TN:
SF:/Users/young/order_form_proxy/client/src/components/LimitOrder.jsx
FNF:0
FNH:0
LF:0
LH:0
BRF:0
BRH:0
end_of_record
TN:
SF:/Users/young/order_form_proxy/client/src/components/MarketOrder.jsx
FN:4,(anonymous_0)
FN:22,(anonymous_1)
FN:29,(anonymous_2)
FN:41,(anonymous_3)
FN:48,(anonymous_4)
FN:59,(anonymous_5)
FN:74,(anonymous_6)
FN:113,(anonymous_7)
FNF:8
FNH:5
FNDA:3,(anonymous_0)
FNDA:0,(anonymous_1)
FNDA:0,(anonymous_2)
FNDA:1,(anonymous_3)
FNDA:1,(anonymous_4)
FNDA:0,(anonymous_5)
FNDA:5,(anonymous_6)
FNDA:5,(anonymous_7)
DA:5,3
DA:6,3
DA:14,3
DA:15,3
DA:16,3
DA:17,3
DA:18,3
DA:19,3
DA:23,0
DA:24,0
DA:30,0
DA:31,0
DA:32,0
DA:42,1
DA:43,1
DA:49,1
DA:50,1
DA:51,1
DA:52,1
DA:53,1
DA:60,0
DA:61,0
DA:62,0
DA:63,0
DA:67,0
DA:68,0
DA:75,5
DA:77,5
DA:78,4
DA:85,1
DA:86,0
DA:96,1
DA:97,1
DA:98,1
DA:99,1
DA:114,5
LF:36
LH:24
BRDA:62,0,0,0
BRDA:62,0,1,0
BRDA:67,1,0,0
BRDA:67,1,1,0
BRDA:77,2,0,4
BRDA:77,2,1,1
BRDA:85,3,0,0
BRDA:85,3,1,1
BRDA:96,4,0,1
BRDA:96,4,1,0
BRF:10
BRH:4
end_of_record
TN:
SF:/Users/young/order_form_proxy/client/src/components/StopLimitOrder.jsx
FNF:0
FNH:0
LF:0
LH:0
BRF:0
BRH:0
end_of_record
TN:
SF:/Users/young/order_form_proxy/client/src/components/StopLossOrder.jsx
FNF:0
FNH:0
LF:0
LH:0
BRF:0
BRH:0
end_of_record
TN:
SF:/Users/young/order_form_proxy/client/src/components/TrailingStopOrder.jsx
FNF:0
FNH:0
LF:0
LH:0
BRF:0
BRH:0
end_of_record
